[2022-04-01 09:46:27] [INFO] 更新成功：['v2ray: 200', 'clash: 200']
[2022-04-01 20:38:24] [WARN] 订阅暂未更新
[2022-04-02 09:26:34] [INFO] 更新成功：['v2ray: 200', 'clash: 200']
[2022-04-02 20:30:34] [WARN] 订阅暂未更新
[2022-04-03 09:39:07] [WARN] 订阅暂未更新
[2022-04-03 20:31:11] [WARN] 订阅暂未更新
[2022-04-04 09:40:26] [INFO] 更新成功：['v2ray: 200', 'clash: 200']
[2022-04-04 20:34:22] [WARN] 订阅暂未更新
[2022-04-05 09:24:45] [INFO] 更新成功：['v2ray: 200', 'clash: 200']
[2022-04-05 20:32:30] [WARN] 订阅暂未更新
[2022-04-06 09:35:08] [INFO] 更新成功：['v2ray: 200', 'clash: 200']
[2022-04-06 20:35:30] [WARN] 订阅暂未更新
[2022-04-07 09:26:01] [INFO] 更新成功：['v2ray: 200', 'clash: 200']
[2022-04-07 20:34:56] [WARN] 订阅暂未更新
[2022-04-08 09:36:44] [INFO] 更新成功：['v2ray: 200', 'clash: 200']
[2022-04-08 20:36:19] [WARN] 订阅暂未更新
[2022-04-09 09:24:20] [INFO] 更新成功：['v2ray: 200', 'clash: 200']
[2022-04-09 20:31:27] [WARN] 订阅暂未更新
[2022-04-10 09:38:31] [INFO] 更新成功：['v2ray: 200', 'clash: 200']
[2022-04-10 20:32:02] [WARN] 订阅暂未更新
[2022-04-13 07:37:12] [INFO] 更新成功：['clash: 200']
[2022-04-13 09:45:58] [INFO] 更新成功：['clash: 200']
[2022-04-13 20:33:57] [WARN] 订阅暂未更新
[2022-04-14 09:45:21] [INFO] 更新成功：['clash: 200']
[2022-04-14 20:14:31] [WARN] 订阅暂未更新
[2022-04-15 04:09:25] [WARN] 订阅暂未更新
[2022-04-15 08:33:24] [WARN] 订阅暂未更新
[2022-04-15 12:27:03] [INFO] 更新成功：['clash: 200']
[2022-04-15 17:39:29] [WARN] 订阅暂未更新
[2022-04-15 17:46:17] [WARN] 订阅暂未更新
[2022-04-15 18:35:52] [WARN] 订阅暂未更新
[2022-04-15 18:38:24] [WARN] 订阅暂未更新
[2022-04-16 09:42:42] [INFO] 更新成功：['clash: 200']
[2022-04-16 09:50:15] [WARN] 订阅暂未更新
[2022-04-16 23:20:57] [WARN] 订阅暂未更新
[2022-04-17 00:53:03] [WARN] 订阅暂未更新
[2022-04-17 02:43:06] [WARN] 订阅暂未更新
[2022-04-17 04:37:52] [WARN] 订阅暂未更新
[2022-04-17 06:38:07] [WARN] 订阅暂未更新
[2022-04-17 08:29:40] [INFO] 更新成功：['clash: 200']
[2022-04-17 08:51:37] [WARN] 订阅暂未更新
<<<<<<< HEAD
[2022-04-17 10:01:28] [WARN] 订阅暂未更新
=======
[2022-04-17 10:13:14] [WARN] 订阅暂未更新
>>>>>>> 08aba531246a53268ec9ef40c81f99de0caeb18c
[2022-04-17 14:44:48] [WARN] 订阅暂未更新
[2022-04-17 18:39:38] [WARN] 订阅暂未更新
[2022-04-17 19:47:50] [WARN] 订阅暂未更新
[2022-04-17 21:02:34] [WARN] 订阅暂未更新
[2022-04-22 02:47:13] [INFO] 更新成功：['clash: 200']
[2022-04-22 04:42:03] [WARN] 订阅暂未更新
[2022-04-22 06:30:59] [WARN] 订阅暂未更新
[2022-04-22 06:39:31] [WARN] 订阅暂未更新
[2022-04-22 19:42:45] [INFO] 更新成功：['clash: 200']
[2022-04-22 20:40:43] [WARN] 订阅暂未更新
[2022-04-22 21:07:07] [WARN] 订阅暂未更新
[2022-04-23 09:29:20] [INFO] 更新成功：['clash: 200']
[2022-04-28 00:09:28] [INFO] 更新成功：['clash: 200']
[2022-04-28 02:45:39] [WARN] 订阅暂未更新
[2022-04-28 14:50:31] [INFO] 更新成功：['clash: 200']
[2022-04-29 02:50:35] [WARN] 订阅暂未更新
[2022-04-29 10:36:30] [INFO] 更新成功：['clash: 200']
[2022-04-29 14:47:26] [WARN] 订阅暂未更新
[2022-04-29 20:21:57] [WARN] 订阅暂未更新
[2022-04-29 20:38:13] [WARN] 订阅暂未更新
[2022-04-29 20:48:35] [WARN] 订阅暂未更新
[2022-04-30 02:47:06] [WARN] 订阅暂未更新
[2022-04-30 14:45:44] [INFO] 更新成功：['clash: 200']
